{"message":"Unauthorized request to path: /bookmarks","level":"error"}
{"message":"Unauthorized request to path: /bookmarks","level":"error"}
{"message":"Unauthorized request to path: /bookmarks","level":"error"}
{"message":"Unauthorized request to path: /bookmarks","level":"error"}
{"message":"Unauthorized request to path: /bookmarks","level":"error"}
{"message":"Unauthorized request to path: /bookmarks","level":"error"}
{"message":"Unauthorized request to path: /","level":"error"}
{"message":"Unauthorized request to path: /","level":"error"}
{"message":"Unauthorized request to path: /","level":"error"}
{"message":"Unauthorized request to path: /","level":"error"}
{"message":"Unauthorized request to path: /","level":"error"}
{"message":"Unauthorized request to path: /bookmarks","level":"error"}
{"message":"Unauthorized request to path: /","level":"error"}
{"message":"Unauthorized request to path: /bookmarks","level":"error"}
{"message":"Unauthorized request to path: /bookmarks","level":"error"}
{"message":"Unauthorized request to path: /bookmarks","level":"error"}
{"message":"Unauthorized request to path: /bookmarks/2","level":"error"}
{"message":"Bookmark with idd3f55986-e6cb-4503-b8ec-bc3d0c3bb30c created.","level":"info"}
{"message":"Bookmark with idf1dda165-264e-4325-9fb7-d1f1c77daf24 created.","level":"info"}
{"message":"Bookmark with id4c2c632f-8787-44b2-80d3-4ace8add4368 created.","level":"info"}
{"message":"Bookmark with id33dad66a-0dac-4b94-8c39-87e3e5ef787d created.","level":"info"}
{"message":"Bookmark with id 2 deleted.","level":"info"}
{"message":"Bookmark with idbf462204-7d8d-45f8-b035-a2ee94a67604 created.","level":"info"}
{"message":"Bookmark with id 2 deleted.","level":"info"}
